ARM GAS  C:\Users\User02\AppData\Local\Temp\ccyV1tm0.s 			page 1


   1              		.cpu cortex-m4
   2              		.arch armv7e-m
   3              		.fpu fpv4-sp-d16
   4              		.eabi_attribute 27, 1
   5              		.eabi_attribute 28, 1
   6              		.eabi_attribute 20, 1
   7              		.eabi_attribute 21, 1
   8              		.eabi_attribute 23, 3
   9              		.eabi_attribute 24, 1
  10              		.eabi_attribute 25, 1
  11              		.eabi_attribute 26, 1
  12              		.eabi_attribute 30, 1
  13              		.eabi_attribute 34, 1
  14              		.eabi_attribute 18, 4
  15              		.file	"gpio.c"
  16              		.text
  17              	.Ltext0:
  18              		.cfi_sections	.debug_frame
  19              		.section	.text.gpio_led_state,"ax",%progbits
  20              		.align	1
  21              		.global	gpio_led_state
  22              		.syntax unified
  23              		.thumb
  24              		.thumb_func
  26              	gpio_led_state:
  27              	.LVL0:
  28              	.LFB130:
  29              		.file 1 "Core/Src/gpio.c"
   1:Core/Src/gpio.c **** /* USER CODE BEGIN Header */
   2:Core/Src/gpio.c **** /**
   3:Core/Src/gpio.c ****   ******************************************************************************
   4:Core/Src/gpio.c ****   * @file    gpio.c
   5:Core/Src/gpio.c ****   * @brief   This file provides code for the configuration
   6:Core/Src/gpio.c ****   *          of all used GPIO pins.
   7:Core/Src/gpio.c ****   ******************************************************************************
   8:Core/Src/gpio.c ****   * @attention
   9:Core/Src/gpio.c ****   *
  10:Core/Src/gpio.c ****   * Copyright (c) 2021 STMicroelectronics.
  11:Core/Src/gpio.c ****   * All rights reserved.
  12:Core/Src/gpio.c ****   *
  13:Core/Src/gpio.c ****   * This software is licensed under terms that can be found in the LICENSE file
  14:Core/Src/gpio.c ****   * in the root directory of this software component.
  15:Core/Src/gpio.c ****   * If no LICENSE file comes with this software, it is provided AS-IS.
  16:Core/Src/gpio.c ****   *
  17:Core/Src/gpio.c ****   ******************************************************************************
  18:Core/Src/gpio.c ****   */
  19:Core/Src/gpio.c **** /* USER CODE END Header */
  20:Core/Src/gpio.c **** 
  21:Core/Src/gpio.c **** /* Includes ------------------------------------------------------------------*/
  22:Core/Src/gpio.c **** #include "gpio.h"
  23:Core/Src/gpio.c **** 
  24:Core/Src/gpio.c **** /* USER CODE BEGIN 0 */
  25:Core/Src/gpio.c **** 
  26:Core/Src/gpio.c **** 
  27:Core/Src/gpio.c **** void gpio_led_state(uint8_t LED_ID , uint8_t state){
  30              		.loc 1 27 52 view -0
  31              		.cfi_startproc
ARM GAS  C:\Users\User02\AppData\Local\Temp\ccyV1tm0.s 			page 2


  32              		@ args = 0, pretend = 0, frame = 0
  33              		@ frame_needed = 0, uses_anonymous_args = 0
  34              		.loc 1 27 52 is_stmt 0 view .LVU1
  35 0000 08B5     		push	{r3, lr}
  36              	.LCFI0:
  37              		.cfi_def_cfa_offset 8
  38              		.cfi_offset 3, -8
  39              		.cfi_offset 14, -4
  28:Core/Src/gpio.c **** 
  29:Core/Src/gpio.c **** GPIO_PinState pinState;
  40              		.loc 1 29 1 is_stmt 1 view .LVU2
  30:Core/Src/gpio.c **** 
  31:Core/Src/gpio.c **** pinState = ( state == 1) ? GPIO_PIN_SET : GPIO_PIN_RESET;
  41              		.loc 1 31 1 view .LVU3
  42              		.loc 1 31 41 is_stmt 0 view .LVU4
  43 0002 0129     		cmp	r1, #1
  44 0004 14BF     		ite	ne
  45 0006 0022     		movne	r2, #0
  46 0008 0122     		moveq	r2, #1
  47              	.LVL1:
  32:Core/Src/gpio.c **** switch(LED_ID){
  48              		.loc 1 32 1 is_stmt 1 view .LVU5
  49 000a 0138     		subs	r0, r0, #1
  50              	.LVL2:
  51              		.loc 1 32 1 is_stmt 0 view .LVU6
  52 000c 0328     		cmp	r0, #3
  53 000e 08D8     		bhi	.L1
  54 0010 DFE800F0 		tbb	[pc, r0]
  55              	.L4:
  56 0014 02       		.byte	(.L7-.L4)/2
  57 0015 08       		.byte	(.L6-.L4)/2
  58 0016 0E       		.byte	(.L5-.L4)/2
  59 0017 14       		.byte	(.L3-.L4)/2
  60              		.p2align 1
  61              	.L7:
  33:Core/Src/gpio.c **** 	 case LED3_ORANGE_ID:
  34:Core/Src/gpio.c **** 	 HAL_GPIO_WritePin(GPIOD , LED3_ORANGE_PinNumber , pinState);
  62              		.loc 1 34 3 is_stmt 1 view .LVU7
  63 0018 4FF40051 		mov	r1, #8192
  64              	.LVL3:
  65              		.loc 1 34 3 is_stmt 0 view .LVU8
  66 001c 0A48     		ldr	r0, .L9
  67 001e FFF7FEFF 		bl	HAL_GPIO_WritePin
  68              	.LVL4:
  35:Core/Src/gpio.c **** 	 break;
  69              		.loc 1 35 3 is_stmt 1 view .LVU9
  70              	.L1:
  36:Core/Src/gpio.c **** 	 case LED4_GREEN_ID:
  37:Core/Src/gpio.c **** 	 HAL_GPIO_WritePin(GPIOD , LED4_GREEN_PinNumber , pinState);
  38:Core/Src/gpio.c **** 	 break;
  39:Core/Src/gpio.c **** 	 case LED5_RED_ID:
  40:Core/Src/gpio.c **** 	 HAL_GPIO_WritePin(GPIOD , LED5_RED_PinNumber , pinState);
  41:Core/Src/gpio.c **** 	 break;
  42:Core/Src/gpio.c **** 	 case LED6_BLUE_ID:
  43:Core/Src/gpio.c **** 	 HAL_GPIO_WritePin(GPIOD , LED6_BLUE_PinNumber , pinState);
  44:Core/Src/gpio.c **** 	 break;
  45:Core/Src/gpio.c ****  }
ARM GAS  C:\Users\User02\AppData\Local\Temp\ccyV1tm0.s 			page 3


  46:Core/Src/gpio.c **** }
  71              		.loc 1 46 1 is_stmt 0 view .LVU10
  72 0022 08BD     		pop	{r3, pc}
  73              	.LVL5:
  74              	.L6:
  37:Core/Src/gpio.c **** 	 break;
  75              		.loc 1 37 3 is_stmt 1 view .LVU11
  76 0024 4FF48051 		mov	r1, #4096
  77              	.LVL6:
  37:Core/Src/gpio.c **** 	 break;
  78              		.loc 1 37 3 is_stmt 0 view .LVU12
  79 0028 0748     		ldr	r0, .L9
  80 002a FFF7FEFF 		bl	HAL_GPIO_WritePin
  81              	.LVL7:
  38:Core/Src/gpio.c **** 	 case LED5_RED_ID:
  82              		.loc 1 38 3 is_stmt 1 view .LVU13
  83 002e F8E7     		b	.L1
  84              	.LVL8:
  85              	.L5:
  40:Core/Src/gpio.c **** 	 break;
  86              		.loc 1 40 3 view .LVU14
  87 0030 4FF48041 		mov	r1, #16384
  88              	.LVL9:
  40:Core/Src/gpio.c **** 	 break;
  89              		.loc 1 40 3 is_stmt 0 view .LVU15
  90 0034 0448     		ldr	r0, .L9
  91 0036 FFF7FEFF 		bl	HAL_GPIO_WritePin
  92              	.LVL10:
  41:Core/Src/gpio.c **** 	 case LED6_BLUE_ID:
  93              		.loc 1 41 3 is_stmt 1 view .LVU16
  94 003a F2E7     		b	.L1
  95              	.LVL11:
  96              	.L3:
  43:Core/Src/gpio.c **** 	 break;
  97              		.loc 1 43 3 view .LVU17
  98 003c 4FF40041 		mov	r1, #32768
  99              	.LVL12:
  43:Core/Src/gpio.c **** 	 break;
 100              		.loc 1 43 3 is_stmt 0 view .LVU18
 101 0040 0148     		ldr	r0, .L9
 102 0042 FFF7FEFF 		bl	HAL_GPIO_WritePin
 103              	.LVL13:
  44:Core/Src/gpio.c ****  }
 104              		.loc 1 44 3 is_stmt 1 view .LVU19
 105              		.loc 1 46 1 is_stmt 0 view .LVU20
 106 0046 ECE7     		b	.L1
 107              	.L10:
 108              		.align	2
 109              	.L9:
 110 0048 000C0240 		.word	1073875968
 111              		.cfi_endproc
 112              	.LFE130:
 114              		.section	.text.MX_GPIO_Init,"ax",%progbits
 115              		.align	1
 116              		.global	MX_GPIO_Init
 117              		.syntax unified
 118              		.thumb
ARM GAS  C:\Users\User02\AppData\Local\Temp\ccyV1tm0.s 			page 4


 119              		.thumb_func
 121              	MX_GPIO_Init:
 122              	.LFB131:
  47:Core/Src/gpio.c **** 
  48:Core/Src/gpio.c **** 
  49:Core/Src/gpio.c **** 
  50:Core/Src/gpio.c **** /* USER CODE END 0 */
  51:Core/Src/gpio.c **** 
  52:Core/Src/gpio.c **** /*----------------------------------------------------------------------------*/
  53:Core/Src/gpio.c **** /* Configure GPIO                                                             */
  54:Core/Src/gpio.c **** /*----------------------------------------------------------------------------*/
  55:Core/Src/gpio.c **** /* USER CODE BEGIN 1 */
  56:Core/Src/gpio.c **** 
  57:Core/Src/gpio.c **** /* USER CODE END 1 */
  58:Core/Src/gpio.c **** 
  59:Core/Src/gpio.c **** /** Configure pins as
  60:Core/Src/gpio.c ****         * Analog
  61:Core/Src/gpio.c ****         * Input
  62:Core/Src/gpio.c ****         * Output
  63:Core/Src/gpio.c ****         * EVENT_OUT
  64:Core/Src/gpio.c ****         * EXTI
  65:Core/Src/gpio.c **** */
  66:Core/Src/gpio.c **** void MX_GPIO_Init(void)
  67:Core/Src/gpio.c **** {
 123              		.loc 1 67 1 is_stmt 1 view -0
 124              		.cfi_startproc
 125              		@ args = 0, pretend = 0, frame = 32
 126              		@ frame_needed = 0, uses_anonymous_args = 0
 127 0000 30B5     		push	{r4, r5, lr}
 128              	.LCFI1:
 129              		.cfi_def_cfa_offset 12
 130              		.cfi_offset 4, -12
 131              		.cfi_offset 5, -8
 132              		.cfi_offset 14, -4
 133 0002 89B0     		sub	sp, sp, #36
 134              	.LCFI2:
 135              		.cfi_def_cfa_offset 48
  68:Core/Src/gpio.c **** 
  69:Core/Src/gpio.c ****   GPIO_InitTypeDef GPIO_InitStruct = {0};
 136              		.loc 1 69 3 view .LVU22
 137              		.loc 1 69 20 is_stmt 0 view .LVU23
 138 0004 0024     		movs	r4, #0
 139 0006 0394     		str	r4, [sp, #12]
 140 0008 0494     		str	r4, [sp, #16]
 141 000a 0594     		str	r4, [sp, #20]
 142 000c 0694     		str	r4, [sp, #24]
 143 000e 0794     		str	r4, [sp, #28]
  70:Core/Src/gpio.c **** 
  71:Core/Src/gpio.c ****   /* GPIO Ports Clock Enable */
  72:Core/Src/gpio.c ****   __HAL_RCC_GPIOH_CLK_ENABLE();
 144              		.loc 1 72 3 is_stmt 1 view .LVU24
 145              	.LBB2:
 146              		.loc 1 72 3 view .LVU25
 147 0010 0194     		str	r4, [sp, #4]
 148              		.loc 1 72 3 view .LVU26
 149 0012 144B     		ldr	r3, .L13
 150 0014 1A6B     		ldr	r2, [r3, #48]
ARM GAS  C:\Users\User02\AppData\Local\Temp\ccyV1tm0.s 			page 5


 151 0016 42F08002 		orr	r2, r2, #128
 152 001a 1A63     		str	r2, [r3, #48]
 153              		.loc 1 72 3 view .LVU27
 154 001c 1A6B     		ldr	r2, [r3, #48]
 155 001e 02F08002 		and	r2, r2, #128
 156 0022 0192     		str	r2, [sp, #4]
 157              		.loc 1 72 3 view .LVU28
 158 0024 019A     		ldr	r2, [sp, #4]
 159              	.LBE2:
 160              		.loc 1 72 3 view .LVU29
  73:Core/Src/gpio.c ****   __HAL_RCC_GPIOD_CLK_ENABLE();
 161              		.loc 1 73 3 view .LVU30
 162              	.LBB3:
 163              		.loc 1 73 3 view .LVU31
 164 0026 0294     		str	r4, [sp, #8]
 165              		.loc 1 73 3 view .LVU32
 166 0028 1A6B     		ldr	r2, [r3, #48]
 167 002a 42F00802 		orr	r2, r2, #8
 168 002e 1A63     		str	r2, [r3, #48]
 169              		.loc 1 73 3 view .LVU33
 170 0030 1B6B     		ldr	r3, [r3, #48]
 171 0032 03F00803 		and	r3, r3, #8
 172 0036 0293     		str	r3, [sp, #8]
 173              		.loc 1 73 3 view .LVU34
 174 0038 029B     		ldr	r3, [sp, #8]
 175              	.LBE3:
 176              		.loc 1 73 3 view .LVU35
  74:Core/Src/gpio.c **** 
  75:Core/Src/gpio.c ****   /*Configure GPIO pin Output Level */
  76:Core/Src/gpio.c ****   HAL_GPIO_WritePin(GPIOD, GPIO_PIN_12|GPIO_PIN_13|GPIO_PIN_14|GPIO_PIN_15, GPIO_PIN_RESET);
 177              		.loc 1 76 3 view .LVU36
 178 003a 0B4D     		ldr	r5, .L13+4
 179 003c 2246     		mov	r2, r4
 180 003e 4FF47041 		mov	r1, #61440
 181 0042 2846     		mov	r0, r5
 182 0044 FFF7FEFF 		bl	HAL_GPIO_WritePin
 183              	.LVL14:
  77:Core/Src/gpio.c **** 
  78:Core/Src/gpio.c ****   /*Configure GPIO pins : PD12 PD13 PD14 PD15 */
  79:Core/Src/gpio.c ****   GPIO_InitStruct.Pin = GPIO_PIN_12|GPIO_PIN_13|GPIO_PIN_14|GPIO_PIN_15;
 184              		.loc 1 79 3 view .LVU37
 185              		.loc 1 79 23 is_stmt 0 view .LVU38
 186 0048 4FF47043 		mov	r3, #61440
 187 004c 0393     		str	r3, [sp, #12]
  80:Core/Src/gpio.c ****   GPIO_InitStruct.Mode = GPIO_MODE_OUTPUT_PP;
 188              		.loc 1 80 3 is_stmt 1 view .LVU39
 189              		.loc 1 80 24 is_stmt 0 view .LVU40
 190 004e 0123     		movs	r3, #1
 191 0050 0493     		str	r3, [sp, #16]
  81:Core/Src/gpio.c ****   GPIO_InitStruct.Pull = GPIO_NOPULL;
 192              		.loc 1 81 3 is_stmt 1 view .LVU41
 193              		.loc 1 81 24 is_stmt 0 view .LVU42
 194 0052 0594     		str	r4, [sp, #20]
  82:Core/Src/gpio.c ****   GPIO_InitStruct.Speed = GPIO_SPEED_FREQ_VERY_HIGH;
 195              		.loc 1 82 3 is_stmt 1 view .LVU43
 196              		.loc 1 82 25 is_stmt 0 view .LVU44
 197 0054 0323     		movs	r3, #3
ARM GAS  C:\Users\User02\AppData\Local\Temp\ccyV1tm0.s 			page 6


 198 0056 0693     		str	r3, [sp, #24]
  83:Core/Src/gpio.c ****   HAL_GPIO_Init(GPIOD, &GPIO_InitStruct);
 199              		.loc 1 83 3 is_stmt 1 view .LVU45
 200 0058 03A9     		add	r1, sp, #12
 201 005a 2846     		mov	r0, r5
 202 005c FFF7FEFF 		bl	HAL_GPIO_Init
 203              	.LVL15:
  84:Core/Src/gpio.c **** 
  85:Core/Src/gpio.c **** }
 204              		.loc 1 85 1 is_stmt 0 view .LVU46
 205 0060 09B0     		add	sp, sp, #36
 206              	.LCFI3:
 207              		.cfi_def_cfa_offset 12
 208              		@ sp needed
 209 0062 30BD     		pop	{r4, r5, pc}
 210              	.L14:
 211              		.align	2
 212              	.L13:
 213 0064 00380240 		.word	1073887232
 214 0068 000C0240 		.word	1073875968
 215              		.cfi_endproc
 216              	.LFE131:
 218              		.text
 219              	.Letext0:
 220              		.file 2 "c:\\program files (x86)\\gnu arm embedded toolchain\\10 2021.10\\arm-none-eabi\\include\\
 221              		.file 3 "c:\\program files (x86)\\gnu arm embedded toolchain\\10 2021.10\\arm-none-eabi\\include\\
 222              		.file 4 "Drivers/CMSIS/Device/ST/STM32F4xx/Include/stm32f407xx.h"
 223              		.file 5 "Drivers/STM32F4xx_HAL_Driver/Inc/stm32f4xx_hal_gpio.h"
ARM GAS  C:\Users\User02\AppData\Local\Temp\ccyV1tm0.s 			page 7


DEFINED SYMBOLS
                            *ABS*:00000000 gpio.c
C:\Users\User02\AppData\Local\Temp\ccyV1tm0.s:20     .text.gpio_led_state:00000000 $t
C:\Users\User02\AppData\Local\Temp\ccyV1tm0.s:26     .text.gpio_led_state:00000000 gpio_led_state
C:\Users\User02\AppData\Local\Temp\ccyV1tm0.s:56     .text.gpio_led_state:00000014 $d
C:\Users\User02\AppData\Local\Temp\ccyV1tm0.s:60     .text.gpio_led_state:00000018 $t
C:\Users\User02\AppData\Local\Temp\ccyV1tm0.s:110    .text.gpio_led_state:00000048 $d
C:\Users\User02\AppData\Local\Temp\ccyV1tm0.s:115    .text.MX_GPIO_Init:00000000 $t
C:\Users\User02\AppData\Local\Temp\ccyV1tm0.s:121    .text.MX_GPIO_Init:00000000 MX_GPIO_Init
C:\Users\User02\AppData\Local\Temp\ccyV1tm0.s:213    .text.MX_GPIO_Init:00000064 $d

UNDEFINED SYMBOLS
HAL_GPIO_WritePin
HAL_GPIO_Init
